app/build/intermediates/manifest_merge_blame_file/debug/processDebugMainManifest/manifest-merger-blame-debug-report.txt
1<?xml version="1.0" encoding="utf-8"?>
2<manifest xmlns:android="http://schemas.android.com/apk/res/android"
3    package="com.intentlock.app"
4    android:versionCode="1"
5    android:versionName="1.0" >
6
7    <uses-sdk
8        android:minSdkVersion="26"
9        android:targetSdkVersion="34" />
10
11    <!-- Permissions -->
12    <uses-permission android:name="android.permission.BIND_ACCESSIBILITY_SERVICE" />
12-->src\main\AndroidManifest.xml:6:5-85
12-->src\main\AndroidManifest.xml:6:22-82
13    <uses-permission android:name="android.permission.SYSTEM_ALERT_WINDOW" />
13-->src\main\AndroidManifest.xml:7:5-78
13-->src\main\AndroidManifest.xml:7:22-75
14    <uses-permission android:name="android.permission.PACKAGE_USAGE_STATS" />
14-->src\main\AndroidManifest.xml:8:5-9:47
14-->src\main\AndroidManifest.xml:8:22-75
15    <uses-permission android:name="android.permission.READ_CALENDAR" />
15-->src\main\AndroidManifest.xml:10:5-72
15-->src\main\AndroidManifest.xml:10:22-69
16    <uses-permission android:name="android.permission.INTERNET" />
16-->src\main\AndroidManifest.xml:11:5-67
16-->src\main\AndroidManifest.xml:11:22-64
17    <uses-permission android:name="android.permission.RECORD_AUDIO" />
17-->src\main\AndroidManifest.xml:12:5-71
17-->src\main\AndroidManifest.xml:12:22-68
18    <uses-permission android:name="android.permission.FOREGROUND_SERVICE" />
18-->src\main\AndroidManifest.xml:13:5-77
18-->src\main\AndroidManifest.xml:13:22-74
19    <uses-permission android:name="android.permission.POST_NOTIFICATIONS" />
19-->src\main\AndroidManifest.xml:14:5-77
19-->src\main\AndroidManifest.xml:14:22-74
20    <uses-permission android:name="android.permission.QUERY_ALL_PACKAGES" />
20-->src\main\AndroidManifest.xml:15:5-16:53
20-->src\main\AndroidManifest.xml:15:22-74
21
22    <queries>
22-->src\main\AndroidManifest.xml:18:5-27:15
23        <intent>
23-->src\main\AndroidManifest.xml:19:9-22:18
24            <action android:name="android.intent.action.MAIN" />
24-->src\main\AndroidManifest.xml:20:13-65
24-->src\main\AndroidManifest.xml:20:21-62
25
26            <category android:name="android.intent.category.HOME" />
26-->src\main\AndroidManifest.xml:21:13-69
26-->src\main\AndroidManifest.xml:21:23-66
27        </intent>
28        <intent>
28-->src\main\AndroidManifest.xml:23:9-26:18
29            <action android:name="android.intent.action.MAIN" />
29-->src\main\AndroidManifest.xml:20:13-65
29-->src\main\AndroidManifest.xml:20:21-62
30
31            <category android:name="android.intent.category.LAUNCHER" />
31-->src\main\AndroidManifest.xml:25:13-73
31-->src\main\AndroidManifest.xml:25:23-70
32        </intent>
33    </queries>
34
35    <permission
35-->[androidx.core:core:1.12.0] AndroidManifest.xml:22:5-24:47
36        android:name="com.intentlock.app.DYNAMIC_RECEIVER_NOT_EXPORTED_PERMISSION"
36-->[androidx.core:core:1.12.0] AndroidManifest.xml:23:9-81
37        android:protectionLevel="signature" />
37-->[androidx.core:core:1.12.0] AndroidManifest.xml:24:9-44
38
39    <uses-permission android:name="com.intentlock.app.DYNAMIC_RECEIVER_NOT_EXPORTED_PERMISSION" />
39-->[androidx.core:core:1.12.0] AndroidManifest.xml:26:5-97
39-->[androidx.core:core:1.12.0] AndroidManifest.xml:26:22-94
40
41    <application
41-->src\main\AndroidManifest.xml:29:5-89:19
42        android:allowBackup="true"
42-->src\main\AndroidManifest.xml:30:9-35
43        android:appComponentFactory="androidx.core.app.CoreComponentFactory"
43-->[androidx.core:core:1.12.0] AndroidManifest.xml:28:18-86
44        android:debuggable="true"
45        android:extractNativeLibs="false"
46        android:label="@string/app_name"
46-->src\main\AndroidManifest.xml:31:9-41
47        android:supportsRtl="true"
47-->src\main\AndroidManifest.xml:32:9-35
48        android:testOnly="true"
49        android:theme="@style/Theme.IntentLock" >
49-->src\main\AndroidManifest.xml:33:9-48
50
51        <!-- Main entry point -->
52        <activity
52-->src\main\AndroidManifest.xml:36:9-44:20
53            android:name="com.intentlock.app.MainActivity"
53-->src\main\AndroidManifest.xml:37:13-41
54            android:exported="true"
54-->src\main\AndroidManifest.xml:38:13-36
55            android:launchMode="singleTop" >
55-->src\main\AndroidManifest.xml:39:13-43
56            <intent-filter>
56-->src\main\AndroidManifest.xml:40:13-43:29
57                <action android:name="android.intent.action.MAIN" />
57-->src\main\AndroidManifest.xml:20:13-65
57-->src\main\AndroidManifest.xml:20:21-62
58
59                <category android:name="android.intent.category.LAUNCHER" />
59-->src\main\AndroidManifest.xml:25:13-73
59-->src\main\AndroidManifest.xml:25:23-70
60            </intent-filter>
61        </activity>
62
63        <!-- Onboarding -->
64        <activity
64-->src\main\AndroidManifest.xml:47:9-49:40
65            android:name="com.intentlock.app.OnboardingActivity"
65-->src\main\AndroidManifest.xml:48:13-47
66            android:exported="false" />
66-->src\main\AndroidManifest.xml:49:13-37
67
68        <!-- AccessibilityService — unlock interceptor -->
69        <service
69-->src\main\AndroidManifest.xml:52:9-63:19
70            android:name="com.intentlock.app.service.IntentLockService"
70-->src\main\AndroidManifest.xml:53:13-54
71            android:exported="true"
71-->src\main\AndroidManifest.xml:54:13-36
72            android:label="IntentLock"
72-->src\main\AndroidManifest.xml:55:13-39
73            android:permission="android.permission.BIND_ACCESSIBILITY_SERVICE" >
73-->src\main\AndroidManifest.xml:56:13-79
74            <intent-filter>
74-->src\main\AndroidManifest.xml:57:13-59:29
75                <action android:name="android.accessibilityservice.AccessibilityService" />
75-->src\main\AndroidManifest.xml:58:17-92
75-->src\main\AndroidManifest.xml:58:25-89
76            </intent-filter>
77
78            <meta-data
78-->src\main\AndroidManifest.xml:60:13-62:72
79                android:name="android.accessibilityservice"
79-->src\main\AndroidManifest.xml:61:17-60
80                android:resource="@xml/accessibility_service_config" />
80-->src\main\AndroidManifest.xml:62:17-69
81        </service>
82
83        <!-- Overlay service -->
84        <service
84-->src\main\AndroidManifest.xml:66:9-68:40
85            android:name="com.intentlock.app.service.OverlayService"
85-->src\main\AndroidManifest.xml:67:13-51
86            android:exported="false" />
86-->src\main\AndroidManifest.xml:68:13-37
87
88        <!-- Prediction Overlay Activity -->
89        <activity
89-->src\main\AndroidManifest.xml:71:9-79:40
90            android:name="com.intentlock.app.OverlayActivity"
90-->src\main\AndroidManifest.xml:72:13-44
91            android:excludeFromRecents="true"
91-->src\main\AndroidManifest.xml:74:13-46
92            android:exported="false"
92-->src\main\AndroidManifest.xml:79:13-37
93            android:launchMode="singleInstance"
93-->src\main\AndroidManifest.xml:75:13-48
94            android:showForAllUsers="true"
94-->src\main\AndroidManifest.xml:76:13-43
95            android:showOnLockScreen="true"
95-->src\main\AndroidManifest.xml:77:13-44
96            android:theme="@style/Theme.IntentLock.Overlay"
96-->src\main\AndroidManifest.xml:73:13-60
97            android:turnScreenOn="true" />
97-->src\main\AndroidManifest.xml:78:13-40
98
99        <receiver
99-->src\main\AndroidManifest.xml:81:9-87:20
100            android:name="com.intentlock.app.service.UnlockReceiver"
100-->src\main\AndroidManifest.xml:82:13-51
101            android:exported="true" >
101-->src\main\AndroidManifest.xml:83:13-36
102            <intent-filter>
102-->src\main\AndroidManifest.xml:84:13-86:29
103                <action android:name="android.intent.action.USER_PRESENT" />
103-->src\main\AndroidManifest.xml:85:17-77
103-->src\main\AndroidManifest.xml:85:25-74
104            </intent-filter>
105        </receiver>
106
107        <provider
107-->[androidx.emoji2:emoji2:1.2.0] AndroidManifest.xml:24:9-32:20
108            android:name="androidx.startup.InitializationProvider"
108-->[androidx.emoji2:emoji2:1.2.0] AndroidManifest.xml:25:13-67
109            android:authorities="com.intentlock.app.androidx-startup"
109-->[androidx.emoji2:emoji2:1.2.0] AndroidManifest.xml:26:13-68
110            android:exported="false" >
110-->[androidx.emoji2:emoji2:1.2.0] AndroidManifest.xml:27:13-37
111            <meta-data
111-->[androidx.emoji2:emoji2:1.2.0] AndroidManifest.xml:29:13-31:52
112                android:name="androidx.emoji2.text.EmojiCompatInitializer"
112-->[androidx.emoji2:emoji2:1.2.0] AndroidManifest.xml:30:17-75
113                android:value="androidx.startup" />
113-->[androidx.emoji2:emoji2:1.2.0] AndroidManifest.xml:31:17-49
114            <meta-data
114-->[androidx.lifecycle:lifecycle-process:2.7.0] AndroidManifest.xml:29:13-31:52
115                android:name="androidx.lifecycle.ProcessLifecycleInitializer"
115-->[androidx.lifecycle:lifecycle-process:2.7.0] AndroidManifest.xml:30:17-78
116                android:value="androidx.startup" />
116-->[androidx.lifecycle:lifecycle-process:2.7.0] AndroidManifest.xml:31:17-49
117            <meta-data
117-->[androidx.profileinstaller:profileinstaller:1.3.0] AndroidManifest.xml:29:13-31:52
118                android:name="androidx.profileinstaller.ProfileInstallerInitializer"
118-->[androidx.profileinstaller:profileinstaller:1.3.0] AndroidManifest.xml:30:17-85
119                android:value="androidx.startup" />
119-->[androidx.profileinstaller:profileinstaller:1.3.0] AndroidManifest.xml:31:17-49
120        </provider>
121
122        <service
122-->[androidx.room:room-runtime:2.6.1] AndroidManifest.xml:24:9-28:63
123            android:name="androidx.room.MultiInstanceInvalidationService"
123-->[androidx.room:room-runtime:2.6.1] AndroidManifest.xml:25:13-74
124            android:directBootAware="true"
124-->[androidx.room:room-runtime:2.6.1] AndroidManifest.xml:26:13-43
125            android:exported="false" />
125-->[androidx.room:room-runtime:2.6.1] AndroidManifest.xml:27:13-37
126
127        <receiver
127-->[androidx.profileinstaller:profileinstaller:1.3.0] AndroidManifest.xml:34:9-52:20
128            android:name="androidx.profileinstaller.ProfileInstallReceiver"
128-->[androidx.profileinstaller:profileinstaller:1.3.0] AndroidManifest.xml:35:13-76
129            android:directBootAware="false"
129-->[androidx.profileinstaller:profileinstaller:1.3.0] AndroidManifest.xml:36:13-44
130            android:enabled="true"
130-->[androidx.profileinstaller:profileinstaller:1.3.0] AndroidManifest.xml:37:13-35
131            android:exported="true"
131-->[androidx.profileinstaller:profileinstaller:1.3.0] AndroidManifest.xml:38:13-36
132            android:permission="android.permission.DUMP" >
132-->[androidx.profileinstaller:profileinstaller:1.3.0] AndroidManifest.xml:39:13-57
133            <intent-filter>
133-->[androidx.profileinstaller:profileinstaller:1.3.0] AndroidManifest.xml:40:13-42:29
134                <action android:name="androidx.profileinstaller.action.INSTALL_PROFILE" />
134-->[androidx.profileinstaller:profileinstaller:1.3.0] AndroidManifest.xml:41:17-91
134-->[androidx.profileinstaller:profileinstaller:1.3.0] AndroidManifest.xml:41:25-88
135            </intent-filter>
136            <intent-filter>
136-->[androidx.profileinstaller:profileinstaller:1.3.0] AndroidManifest.xml:43:13-45:29
137                <action android:name="androidx.profileinstaller.action.SKIP_FILE" />
137-->[androidx.profileinstaller:profileinstaller:1.3.0] AndroidManifest.xml:44:17-85
137-->[androidx.profileinstaller:profileinstaller:1.3.0] AndroidManifest.xml:44:25-82
138            </intent-filter>
139            <intent-filter>
139-->[androidx.profileinstaller:profileinstaller:1.3.0] AndroidManifest.xml:46:13-48:29
140                <action android:name="androidx.profileinstaller.action.SAVE_PROFILE" />
140-->[androidx.profileinstaller:profileinstaller:1.3.0] AndroidManifest.xml:47:17-88
140-->[androidx.profileinstaller:profileinstaller:1.3.0] AndroidManifest.xml:47:25-85
141            </intent-filter>
142            <intent-filter>
142-->[androidx.profileinstaller:profileinstaller:1.3.0] AndroidManifest.xml:49:13-51:29
143                <action android:name="androidx.profileinstaller.action.BENCHMARK_OPERATION" />
143-->[androidx.profileinstaller:profileinstaller:1.3.0] AndroidManifest.xml:50:17-95
143-->[androidx.profileinstaller:profileinstaller:1.3.0] AndroidManifest.xml:50:25-92
144            </intent-filter>
145        </receiver>
146    </application>
147
148</manifest>